Performing C SOURCE FILE Test CMAKE_HAVE_LIBC_PTHREAD failed with the following output:
Change Dir: /home/arsenii/Рабочий стол/11/sem_1/cmake-build-debug/CMakeFiles/CMakeTmp

Run Build Command(s):/usr/bin/make -f Makefile cmTC_03cd6/fast && /usr/bin/make  -f CMakeFiles/cmTC_03cd6.dir/build.make CMakeFiles/cmTC_03cd6.dir/build
make[1]: вход в каталог «/home/arsenii/Рабочий стол/11/sem_1/cmake-build-debug/CMakeFiles/CMakeTmp»
Building C object CMakeFiles/cmTC_03cd6.dir/src.c.o
/usr/bin/cc -DCMAKE_HAVE_LIBC_PTHREAD   -o CMakeFiles/cmTC_03cd6.dir/src.c.o -c "/home/arsenii/Рабочий стол/11/sem_1/cmake-build-debug/CMakeFiles/CMakeTmp/src.c"
Linking C executable cmTC_03cd6
/snap/clion/180/bin/cmake/linux/bin/cmake -E cmake_link_script CMakeFiles/cmTC_03cd6.dir/link.txt --verbose=1
/usr/bin/cc -rdynamic CMakeFiles/cmTC_03cd6.dir/src.c.o -o cmTC_03cd6 
/usr/bin/ld: CMakeFiles/cmTC_03cd6.dir/src.c.o: в функции «main»:
src.c:(.text+0x46): неопределённая ссылка на «pthread_create»
/usr/bin/ld: src.c:(.text+0x52): неопределённая ссылка на «pthread_detach»
/usr/bin/ld: src.c:(.text+0x5e): неопределённая ссылка на «pthread_cancel»
/usr/bin/ld: src.c:(.text+0x6f): неопределённая ссылка на «pthread_join»
collect2: error: ld returned 1 exit status
make[1]: *** [CMakeFiles/cmTC_03cd6.dir/build.make:99: cmTC_03cd6] Ошибка 1
make[1]: выход из каталога «/home/arsenii/Рабочий стол/11/sem_1/cmake-build-debug/CMakeFiles/CMakeTmp»
make: *** [Makefile:127: cmTC_03cd6/fast] Ошибка 2


Source file was:
#include <pthread.h>

static void* test_func(void* data)
{
  return data;
}

int main(void)
{
  pthread_t thread;
  pthread_create(&thread, NULL, test_func, NULL);
  pthread_detach(thread);
  pthread_cancel(thread);
  pthread_join(thread, NULL);
  pthread_atfork(NULL, NULL, NULL);
  pthread_exit(NULL);

  return 0;
}

Determining if the function pthread_create exists in the pthreads failed with the following output:
Change Dir: /home/arsenii/Рабочий стол/11/sem_1/cmake-build-debug/CMakeFiles/CMakeTmp

Run Build Command(s):/usr/bin/make -f Makefile cmTC_62173/fast && /usr/bin/make  -f CMakeFiles/cmTC_62173.dir/build.make CMakeFiles/cmTC_62173.dir/build
make[1]: вход в каталог «/home/arsenii/Рабочий стол/11/sem_1/cmake-build-debug/CMakeFiles/CMakeTmp»
Building C object CMakeFiles/cmTC_62173.dir/CheckFunctionExists.c.o
/usr/bin/cc   -DCHECK_FUNCTION_EXISTS=pthread_create -o CMakeFiles/cmTC_62173.dir/CheckFunctionExists.c.o -c /snap/clion/180/bin/cmake/linux/share/cmake-3.21/Modules/CheckFunctionExists.c
Linking C executable cmTC_62173
/snap/clion/180/bin/cmake/linux/bin/cmake -E cmake_link_script CMakeFiles/cmTC_62173.dir/link.txt --verbose=1
/usr/bin/cc  -DCHECK_FUNCTION_EXISTS=pthread_create -rdynamic CMakeFiles/cmTC_62173.dir/CheckFunctionExists.c.o -o cmTC_62173  -lpthreads 
/usr/bin/ld: невозможно найти -lpthreads
collect2: error: ld returned 1 exit status
make[1]: *** [CMakeFiles/cmTC_62173.dir/build.make:99: cmTC_62173] Ошибка 1
make[1]: выход из каталога «/home/arsenii/Рабочий стол/11/sem_1/cmake-build-debug/CMakeFiles/CMakeTmp»
make: *** [Makefile:127: cmTC_62173/fast] Ошибка 2



